<?xml version="1.0" encoding="UTF-8"?>
<testng-results skipped="0" failed="0" ignored="0" total="1" passed="1">
  <reporter-output>
  </reporter-output>
  <suite name="Default suite" duration-ms="15480" started-at="2018-07-06T08:53:25Z" finished-at="2018-07-06T08:53:41Z">
    <groups>
    </groups>
    <test name="Default test" duration-ms="15480" started-at="2018-07-06T08:53:25Z" finished-at="2018-07-06T08:53:41Z">
      <class name="com.crm.qa.testcases.LoginTest">
        <test-method status="PASS" signature="init()[pri:0, instance:com.crm.qa.testcases.LoginTest@27efef64]" name="init" is-config="true" duration-ms="14542" started-at="2018-07-06T08:53:25Z" finished-at="2018-07-06T08:53:40Z">
          <reporter-output>
          </reporter-output>
        </test-method> <!-- init -->
        <test-method status="PASS" signature="logotest()[pri:0, instance:com.crm.qa.testcases.LoginTest@27efef64]" name="logotest" duration-ms="49" started-at="2018-07-06T08:53:40Z" finished-at="2018-07-06T08:53:40Z">
          <reporter-output>
          </reporter-output>
        </test-method> <!-- logotest -->
        <test-method status="PASS" signature="breakdown()[pri:0, instance:com.crm.qa.testcases.LoginTest@27efef64]" name="breakdown" is-config="true" duration-ms="865" started-at="2018-07-06T08:53:40Z" finished-at="2018-07-06T08:53:41Z">
          <reporter-output>
          </reporter-output>
        </test-method> <!-- breakdown -->
      </class> <!-- com.crm.qa.testcases.LoginTest -->
    </test> <!-- Default test -->
  </suite> <!-- Default suite -->
</testng-results>
